[duruthemes.com/demo/html/savoye/multipage-dark/index.html]
[backblue.gif]
[fade.gif]
[index.html]
[duruthemes.com/demo/html/savoye/multipage-dark/img/favicon.png]
[duruthemes.com/demo/html/savoye/multipage-dark/css/plugins.css]
[duruthemes.com/demo/html/savoye/multipage-dark/css/style.css]
[duruthemes.com/demo/html/savoye/multipage-dark/img/logo-light.png]
[duruthemes.com/demo/html/savoye/multipage-dark/about.html]
[duruthemes.com/demo/html/savoye/multipage-dark/services.html]
[duruthemes.com/demo/html/savoye/multipage-dark/projects.html]
[duruthemes.com/demo/html/savoye/multipage-dark/projects2.html]
[duruthemes.com/demo/html/savoye/multipage-dark/project-page.html]
[duruthemes.com/demo/html/savoye/multipage-dark/pricing.html]
[duruthemes.com/demo/html/savoye/multipage-dark/team.html]
[duruthemes.com/demo/html/savoye/multipage-dark/testimonials.html]
[duruthemes.com/demo/html/savoye/multipage-dark/clients.html]
[duruthemes.com/demo/html/savoye/multipage-dark/faqs.html]
[duruthemes.com/demo/html/savoye/multipage-dark/image-gallery.html]
[duruthemes.com/demo/html/savoye/multipage-dark/video-gallery.html]
[duruthemes.com/demo/html/savoye/multipage-dark/404.html]
[duruthemes.com/demo/html/savoye/multipage-dark/coming-soon.html]
[duruthemes.com/demo/html/savoye/multipage-dark/blog.html]
[duruthemes.com/demo/html/savoye/multipage-dark/blog2.html]
[duruthemes.com/demo/html/savoye/multipage-dark/post.html]
[duruthemes.com/demo/html/savoye/multipage-dark/contact.html]
[duruthemes.com/demo/html/savoye/multipage-dark/architectural-design.html]
[duruthemes.com/demo/html/savoye/multipage-dark/img/icons/6.png]
[duruthemes.com/demo/html/savoye/multipage-dark/interior-design.html]
[duruthemes.com/demo/html/savoye/multipage-dark/img/icons/2.png]
[duruthemes.com/demo/html/savoye/multipage-dark/urban-design.html]
[duruthemes.com/demo/html/savoye/multipage-dark/img/icons/3.png]
[duruthemes.com/demo/html/savoye/multipage-dark/decor-plan.html]
[duruthemes.com/demo/html/savoye/multipage-dark/img/icons/5.png]
[duruthemes.com/demo/html/savoye/multipage-dark/img/about.png]
[duruthemes.com/demo/html/savoye/multipage-dark/img/projects/1.jpg]
[duruthemes.com/demo/html/savoye/multipage-dark/img/projects/2.jpg]
[duruthemes.com/demo/html/savoye/multipage-dark/img/projects/3.jpg]
[duruthemes.com/demo/html/savoye/multipage-dark/img/projects/4.jpg]
[duruthemes.com/demo/html/savoye/multipage-dark/img/projects/5.jpg]
[duruthemes.com/demo/html/savoye/multipage-dark/img/projects/6.jpg]
[duruthemes.com/demo/html/savoye/multipage-dark/img/blog/5.jpg]
[duruthemes.com/demo/html/savoye/multipage-dark/img/blog/6.jpg]
[duruthemes.com/demo/html/savoye/multipage-dark/img/blog/7.jpg]
[duruthemes.com/demo/html/savoye/multipage-dark/js/jquery-migrate-3.0.0.min.js]
[duruthemes.com/demo/html/savoye/multipage-dark/js/jquery-3.6.0.min.js]
[duruthemes.com/demo/html/savoye/multipage-dark/js/modernizr-2.6.2.min.js]
[duruthemes.com/demo/html/savoye/multipage-dark/js/imagesloaded.pkgd.min.js]
[duruthemes.com/demo/html/savoye/multipage-dark/js/jquery.isotope.v3.0.2.js]
[duruthemes.com/demo/html/savoye/multipage-dark/js/popper.min.js]
[duruthemes.com/demo/html/savoye/multipage-dark/js/scrollIt.min.js]
[duruthemes.com/demo/html/savoye/multipage-dark/js/jquery.waypoints.min.js]
[duruthemes.com/demo/html/savoye/multipage-dark/js/bootstrap.min.js]
[duruthemes.com/demo/html/savoye/multipage-dark/js/jquery.stellar.min.js]
[duruthemes.com/demo/html/savoye/multipage-dark/js/YouTubePopUp.js]
[duruthemes.com/demo/html/savoye/multipage-dark/js/owl.carousel.min.js]
[duruthemes.com/demo/html/savoye/multipage-dark/index.html]
[duruthemes.com/demo/html/savoye/multipage-dark/js/custom.js]
[duruthemes.com/demo/html/savoye/multipage-dark/css/plugins/bootstrap.min.css]
[duruthemes.com/demo/html/savoye/multipage-dark/css/plugins/owl.carousel.min.css]
[duruthemes.com/demo/html/savoye/multipage-dark/css/plugins/owl.theme.default.min.css]
[duruthemes.com/demo/html/savoye/multipage-dark/js/jquery.fancybox.min.js]
[duruthemes.com/demo/html/savoye/multipage-dark/css/plugins/animate.min.css]
[duruthemes.com/demo/html/savoye/multipage-dark/css/plugins/themify-icons.css]
[duruthemes.com/demo/html/savoye/multipage-dark/css/plugins/fancybox.min.css]
[duruthemes.com/demo/html/savoye/multipage-dark/css/plugins/YouTubePopUp.css]
[duruthemes.com/demo/html/savoye/multipage-dark/css/plugins.css]
[duruthemes.com/demo/html/savoye/multipage-dark/img/slider/2.jpg]
[duruthemes.com/demo/html/savoye/multipage-dark/css/style.css]
[duruthemes.com/demo/html/savoye/multipage-dark/img/quot.png]
[duruthemes.com/demo/html/savoye/multipage-dark/img/team/2.jpg]
[duruthemes.com/demo/html/savoye/multipage-dark/img/team/1.jpg]
[duruthemes.com/demo/html/savoye/multipage-dark/img/team/3.jpg]
[duruthemes.com/demo/html/savoye/multipage-dark/img/team/6.jpg]
[duruthemes.com/demo/html/savoye/multipage-dark/img/team/4.jpg]
[duruthemes.com/demo/html/savoye/multipage-dark/img/clients/1.png]
[duruthemes.com/demo/html/savoye/multipage-dark/img/clients/2.png]
[duruthemes.com/demo/html/savoye/multipage-dark/img/clients/3.png]
[duruthemes.com/demo/html/savoye/multipage-dark/img/clients/4.png]
[duruthemes.com/demo/html/savoye/multipage-dark/img/clients/5.png]
[duruthemes.com/demo/html/savoye/multipage-dark/img/clients/6.png]
[duruthemes.com/demo/html/savoye/multipage-dark/img/clients/7.png]
[duruthemes.com/demo/html/savoye/multipage-dark/img/clients/8.png]
[duruthemes.com/demo/html/savoye/multipage-dark/about.html]
[duruthemes.com/demo/html/savoye/multipage-dark/3d-modelling.html]
[duruthemes.com/demo/html/savoye/multipage-dark/planning.html]
[duruthemes.com/demo/html/savoye/multipage-dark/services.html]
[duruthemes.com/demo/html/savoye/multipage-dark/projects.html]
[duruthemes.com/demo/html/savoye/multipage-dark/projects2.html]
[duruthemes.com/demo/html/savoye/multipage-dark/img/slider/3.jpg]
[duruthemes.com/demo/html/savoye/multipage-dark/img/services/1.jpg]
[duruthemes.com/demo/html/savoye/multipage-dark/img/services/2.jpg]
[duruthemes.com/demo/html/savoye/multipage-dark/project-page.html]
[duruthemes.com/demo/html/savoye/multipage-dark/pricing.html]
[duruthemes.com/demo/html/savoye/multipage-dark/img/team/5.jpg]
[duruthemes.com/demo/html/savoye/multipage-dark/team.html]
[duruthemes.com/demo/html/savoye/multipage-dark/testimonials.html]
[duruthemes.com/demo/html/savoye/multipage-dark/img/clients/9.png]
[duruthemes.com/demo/html/savoye/multipage-dark/img/clients/10.png]
[duruthemes.com/demo/html/savoye/multipage-dark/img/clients/11.png]
[duruthemes.com/demo/html/savoye/multipage-dark/clients.html]
[duruthemes.com/demo/html/savoye/multipage-dark/faqs.html]
[duruthemes.com/demo/html/savoye/multipage-dark/img/projects/8.jpg]
[duruthemes.com/demo/html/savoye/multipage-dark/img/projects/7.jpg]
[duruthemes.com/demo/html/savoye/multipage-dark/image-gallery.html]
[duruthemes.com/demo/html/savoye/multipage-dark/img/slider/1.jpg]
[duruthemes.com/demo/html/savoye/multipage-dark/img/slider/4.jpg]
[duruthemes.com/demo/html/savoye/multipage-dark/video-gallery.html]
[duruthemes.com/demo/html/savoye/multipage-dark/img/404-image.png]
[duruthemes.com/demo/html/savoye/multipage-dark/404.html]
[duruthemes.com/demo/html/savoye/multipage-dark/js/validator.js]
[duruthemes.com/demo/html/savoye/multipage-dark/coming-soon.html]
[duruthemes.com/demo/html/savoye/multipage-dark/img/blog/1.jpg]
[duruthemes.com/demo/html/savoye/multipage-dark/img/blog/2.jpg]
[duruthemes.com/demo/html/savoye/multipage-dark/img/blog/3.jpg]
[duruthemes.com/demo/html/savoye/multipage-dark/img/blog/4.jpg]
[duruthemes.com/demo/html/savoye/multipage-dark/blog.html]
[duruthemes.com/demo/html/savoye/multipage-dark/blog2.html]
[duruthemes.com/demo/html/savoye/multipage-dark/post.html]
[duruthemes.com/demo/html/savoye/multipage-dark/contact.html]
[duruthemes.com/demo/html/savoye/multipage-dark/architectural-design.html]
[duruthemes.com/demo/html/savoye/multipage-dark/interior-design.html]
[duruthemes.com/demo/html/savoye/multipage-dark/urban-design.html]
[duruthemes.com/demo/html/savoye/multipage-dark/decor-plan.html]
[duruthemes.com/demo/html/savoye/multipage-dark/css/plugins/bootstrap.min.css]
[duruthemes.com/demo/html/savoye/multipage-dark/css/plugins/owl.carousel.min.css]
[duruthemes.com/demo/html/savoye/multipage-dark/css/plugins/owl.theme.default.min.css]
[duruthemes.com/demo/html/savoye/multipage-dark/css/plugins/animate.min.css]
[duruthemes.com/demo/html/savoye/multipage-dark/fonts/themify.eot]
[duruthemes.com/demo/html/savoye/multipage-dark/fonts/themifyd41d.eot]
[duruthemes.com/demo/html/savoye/multipage-dark/fonts/themify.woff]
[duruthemes.com/demo/html/savoye/multipage-dark/fonts/themify.ttf]
[duruthemes.com/demo/html/savoye/multipage-dark/fonts/themify.svg]
[duruthemes.com/demo/html/savoye/multipage-dark/css/plugins/themify-icons.css]
[duruthemes.com/demo/html/savoye/multipage-dark/css/plugins/fancybox.min.css]
[duruthemes.com/demo/html/savoye/multipage-dark/css/plugins/close.png]
[duruthemes.com/demo/html/savoye/multipage-dark/css/plugins/YouTubePopUp.css]
[duruthemes.com/demo/html/savoye/multipage-dark/3d-modelling.html]
[duruthemes.com/demo/html/savoye/multipage-dark/planning.html]
[duruthemes.com/demo/html/savoye/multipage-dark/post2.html]
[duruthemes.com/demo/html/savoye/multipage-dark/post3.html]
[duruthemes.com/demo/html/savoye/multipage-dark/post4.html]
[www.duruthemes.com/idesign/Roboto-v3/css/plugins/owl.video.play.html]
[duruthemes.com/demo/html/savoye/multipage-dark/fonts/themify.svg]
