[duruthemes.com/demo/html/savoye/multipage-dark2/index.html]
[backblue.gif]
[fade.gif]
[index.html]
[duruthemes.com/demo/html/savoye/multipage-dark2/img/favicon.png]
[duruthemes.com/demo/html/savoye/multipage-dark2/css/plugins.css]
[duruthemes.com/demo/html/savoye/multipage-dark2/img/logo-light.png]
[duruthemes.com/demo/html/savoye/multipage-dark2/css/style.css]
[duruthemes.com/demo/html/savoye/multipage-dark2/about.html]
[duruthemes.com/demo/html/savoye/multipage-dark2/services.html]
[duruthemes.com/demo/html/savoye/multipage-dark2/projects.html]
[duruthemes.com/demo/html/savoye/multipage-dark2/projects2.html]
[duruthemes.com/demo/html/savoye/multipage-dark2/project-page.html]
[duruthemes.com/demo/html/savoye/multipage-dark2/pricing.html]
[duruthemes.com/demo/html/savoye/multipage-dark2/team.html]
[duruthemes.com/demo/html/savoye/multipage-dark2/testimonials.html]
[duruthemes.com/demo/html/savoye/multipage-dark2/clients.html]
[duruthemes.com/demo/html/savoye/multipage-dark2/faqs.html]
[duruthemes.com/demo/html/savoye/multipage-dark2/image-gallery.html]
[duruthemes.com/demo/html/savoye/multipage-dark2/video-gallery.html]
[duruthemes.com/demo/html/savoye/multipage-dark2/404.html]
[duruthemes.com/demo/html/savoye/multipage-dark2/coming-soon.html]
[duruthemes.com/demo/html/savoye/multipage-dark2/blog.html]
[duruthemes.com/demo/html/savoye/multipage-dark2/post.html]
[duruthemes.com/demo/html/savoye/multipage-dark2/blog2.html]
[duruthemes.com/demo/html/savoye/multipage-dark2/contact.html]
[duruthemes.com/demo/html/savoye/multipage-dark2/img/slider/1.jpg]
[duruthemes.com/demo/html/savoye/multipage-dark2/img/slider/2.jpg]
[duruthemes.com/demo/html/savoye/multipage-dark2/img/slider/3.jpg]
[duruthemes.com/demo/html/savoye/multipage-dark2/img/projects/2.jpg]
[duruthemes.com/demo/html/savoye/multipage-dark2/img/projects/4.jpg]
[duruthemes.com/demo/html/savoye/multipage-dark2/img/projects/6.jpg]
[duruthemes.com/demo/html/savoye/multipage-dark2/img/projects/3.jpg]
[duruthemes.com/demo/html/savoye/multipage-dark2/img/blog/5.jpg]
[duruthemes.com/demo/html/savoye/multipage-dark2/img/blog/6.jpg]
[duruthemes.com/demo/html/savoye/multipage-dark2/img/blog/7.jpg]
[duruthemes.com/demo/html/savoye/multipage-dark2/architectural-design.html]
[duruthemes.com/demo/html/savoye/multipage-dark2/interior-design.html]
[duruthemes.com/demo/html/savoye/multipage-dark2/urban-design.html]
[duruthemes.com/demo/html/savoye/multipage-dark2/decor-plan.html]
[duruthemes.com/demo/html/savoye/multipage-dark2/js/jquery-migrate-3.0.0.min.js]
[duruthemes.com/demo/html/savoye/multipage-dark2/js/modernizr-2.6.2.min.js]
[duruthemes.com/demo/html/savoye/multipage-dark2/js/imagesloaded.pkgd.min.js]
[duruthemes.com/demo/html/savoye/multipage-dark2/js/jquery-3.6.0.min.js]
[duruthemes.com/demo/html/savoye/multipage-dark2/js/popper.min.js]
[duruthemes.com/demo/html/savoye/multipage-dark2/js/jquery.isotope.v3.0.2.js]
[duruthemes.com/demo/html/savoye/multipage-dark2/js/scrollIt.min.js]
[duruthemes.com/demo/html/savoye/multipage-dark2/js/jquery.waypoints.min.js]
[duruthemes.com/demo/html/savoye/multipage-dark2/js/bootstrap.min.js]
[duruthemes.com/demo/html/savoye/multipage-dark2/js/jquery.stellar.min.js]
[duruthemes.com/demo/html/savoye/multipage-dark2/js/owl.carousel.min.js]
[duruthemes.com/demo/html/savoye/multipage-dark2/js/YouTubePopUp.js]
[duruthemes.com/demo/html/savoye/multipage-dark2/index.html]
[duruthemes.com/demo/html/savoye/multipage-dark2/js/custom.js]
[duruthemes.com/demo/html/savoye/multipage-dark2/css/plugins/bootstrap.min.css]
[duruthemes.com/demo/html/savoye/multipage-dark2/css/plugins/owl.carousel.min.css]
[duruthemes.com/demo/html/savoye/multipage-dark2/js/jquery.fancybox.min.js]
[duruthemes.com/demo/html/savoye/multipage-dark2/css/plugins/owl.theme.default.min.css]
[duruthemes.com/demo/html/savoye/multipage-dark2/css/plugins/animate.min.css]
[duruthemes.com/demo/html/savoye/multipage-dark2/css/plugins/themify-icons.css]
[duruthemes.com/demo/html/savoye/multipage-dark2/css/plugins/fancybox.min.css]
[duruthemes.com/demo/html/savoye/multipage-dark2/css/plugins/YouTubePopUp.css]
[duruthemes.com/demo/html/savoye/multipage-dark2/css/plugins.css]
[duruthemes.com/demo/html/savoye/multipage-dark2/css/style.css]
[duruthemes.com/demo/html/savoye/multipage-dark2/img/about.png]
[duruthemes.com/demo/html/savoye/multipage-dark2/img/quot.png]
[duruthemes.com/demo/html/savoye/multipage-dark2/img/team/2.jpg]
[duruthemes.com/demo/html/savoye/multipage-dark2/img/team/1.jpg]
[duruthemes.com/demo/html/savoye/multipage-dark2/img/team/3.jpg]
[duruthemes.com/demo/html/savoye/multipage-dark2/img/team/6.jpg]
[duruthemes.com/demo/html/savoye/multipage-dark2/img/team/4.jpg]
[duruthemes.com/demo/html/savoye/multipage-dark2/img/clients/1.png]
[duruthemes.com/demo/html/savoye/multipage-dark2/img/clients/2.png]
[duruthemes.com/demo/html/savoye/multipage-dark2/img/clients/3.png]
[duruthemes.com/demo/html/savoye/multipage-dark2/img/clients/4.png]
[duruthemes.com/demo/html/savoye/multipage-dark2/img/clients/5.png]
[duruthemes.com/demo/html/savoye/multipage-dark2/img/clients/6.png]
[duruthemes.com/demo/html/savoye/multipage-dark2/img/clients/7.png]
[duruthemes.com/demo/html/savoye/multipage-dark2/img/clients/8.png]
[duruthemes.com/demo/html/savoye/multipage-dark2/about.html]
[duruthemes.com/demo/html/savoye/multipage-dark2/img/services/1.jpg]
[duruthemes.com/demo/html/savoye/multipage-dark2/img/services/2.jpg]
[duruthemes.com/demo/html/savoye/multipage-dark2/img/services/3.jpg]
[duruthemes.com/demo/html/savoye/multipage-dark2/img/services/4.jpg]
[duruthemes.com/demo/html/savoye/multipage-dark2/3d-modelling.html]
[duruthemes.com/demo/html/savoye/multipage-dark2/img/services/5.jpg]
[duruthemes.com/demo/html/savoye/multipage-dark2/img/services/6.jpg]
[duruthemes.com/demo/html/savoye/multipage-dark2/planning.html]
[duruthemes.com/demo/html/savoye/multipage-dark2/services.html]
[duruthemes.com/demo/html/savoye/multipage-dark2/img/projects/1.jpg]
[duruthemes.com/demo/html/savoye/multipage-dark2/img/projects/5.jpg]
[duruthemes.com/demo/html/savoye/multipage-dark2/projects.html]
[duruthemes.com/demo/html/savoye/multipage-dark2/projects2.html]
[duruthemes.com/demo/html/savoye/multipage-dark2/project-page.html]
[duruthemes.com/demo/html/savoye/multipage-dark2/pricing.html]
[duruthemes.com/demo/html/savoye/multipage-dark2/img/team/5.jpg]
[duruthemes.com/demo/html/savoye/multipage-dark2/team.html]
[duruthemes.com/demo/html/savoye/multipage-dark2/testimonials.html]
[duruthemes.com/demo/html/savoye/multipage-dark2/img/clients/9.png]
[duruthemes.com/demo/html/savoye/multipage-dark2/img/clients/10.png]
[duruthemes.com/demo/html/savoye/multipage-dark2/img/clients/11.png]
[duruthemes.com/demo/html/savoye/multipage-dark2/clients.html]
[duruthemes.com/demo/html/savoye/multipage-dark2/faqs.html]
[duruthemes.com/demo/html/savoye/multipage-dark2/img/projects/8.jpg]
[duruthemes.com/demo/html/savoye/multipage-dark2/img/projects/7.jpg]
[duruthemes.com/demo/html/savoye/multipage-dark2/image-gallery.html]
[duruthemes.com/demo/html/savoye/multipage-dark2/img/slider/4.jpg]
[duruthemes.com/demo/html/savoye/multipage-dark2/video-gallery.html]
[duruthemes.com/demo/html/savoye/multipage-dark2/img/404-image.png]
[duruthemes.com/demo/html/savoye/multipage-dark2/404.html]
[duruthemes.com/demo/html/savoye/multipage-dark2/js/validator.js]
[duruthemes.com/demo/html/savoye/multipage-dark2/coming-soon.html]
[duruthemes.com/demo/html/savoye/multipage-dark2/img/blog/1.jpg]
[duruthemes.com/demo/html/savoye/multipage-dark2/img/blog/2.jpg]
[duruthemes.com/demo/html/savoye/multipage-dark2/img/blog/3.jpg]
[duruthemes.com/demo/html/savoye/multipage-dark2/img/blog/4.jpg]
[duruthemes.com/demo/html/savoye/multipage-dark2/blog.html]
[duruthemes.com/demo/html/savoye/multipage-dark2/blog2.html]
[duruthemes.com/demo/html/savoye/multipage-dark2/post.html]
[duruthemes.com/demo/html/savoye/multipage-dark2/contact.html]
[duruthemes.com/demo/html/savoye/multipage-dark2/architectural-design.html]
[duruthemes.com/demo/html/savoye/multipage-dark2/interior-design.html]
[duruthemes.com/demo/html/savoye/multipage-dark2/urban-design.html]
[duruthemes.com/demo/html/savoye/multipage-dark2/decor-plan.html]
[duruthemes.com/demo/html/savoye/multipage-dark2/css/plugins/bootstrap.min.css]
[duruthemes.com/demo/html/savoye/multipage-dark2/css/plugins/owl.carousel.min.css]
[duruthemes.com/demo/html/savoye/multipage-dark2/css/plugins/owl.theme.default.min.css]
[duruthemes.com/demo/html/savoye/multipage-dark2/css/plugins/animate.min.css]
[duruthemes.com/demo/html/savoye/multipage-dark2/fonts/themify.eot]
[duruthemes.com/demo/html/savoye/multipage-dark2/fonts/themify.woff]
[duruthemes.com/demo/html/savoye/multipage-dark2/fonts/themifyd41d.eot]
[duruthemes.com/demo/html/savoye/multipage-dark2/fonts/themify.ttf]
[duruthemes.com/demo/html/savoye/multipage-dark2/fonts/themify.svg]
[duruthemes.com/demo/html/savoye/multipage-dark2/css/plugins/themify-icons.css]
[duruthemes.com/demo/html/savoye/multipage-dark2/css/plugins/fancybox.min.css]
[duruthemes.com/demo/html/savoye/multipage-dark2/css/plugins/close.png]
[duruthemes.com/demo/html/savoye/multipage-dark2/css/plugins/YouTubePopUp.css]
[duruthemes.com/demo/html/savoye/multipage-dark2/3d-modelling.html]
[duruthemes.com/demo/html/savoye/multipage-dark2/planning.html]
[www.duruthemes.com/idesign/Roboto-v3/css/plugins/owl.video.play.html]
[duruthemes.com/demo/html/savoye/multipage-dark2/fonts/themify.svg]
